<?xml version="1.0" encoding="UTF-8"?>
<!-- Generated by org.testng.reporters.JUnitXMLReporter -->
<testsuite ignored="2" hostname="WKWEJ053275590" failures="0" tests="3" name="Test" time="0.229" errors="0" timestamp="2025-12-11T18:59:44 IST">
  <testcase classname="pack.tests.RegisterTest" name="testOne" time="0.055"/>
  <testcase classname="pack.tests.RegisterTest" name="testTwo" time="0.025"/>
  <testcase classname="pack.tests.RegisterTest" name="test_3" time="0.092"/>
  <testcase classname="com.pack.BaseClass" name="@AfterSuite tearDown" time="0.0">
    <ignored/>
  </testcase> <!-- @AfterSuite tearDown -->
  <testcase classname="com.pack.BaseClass" name="@BeforeSuite setUp" time="0.0">
    <ignored/>
  </testcase> <!-- @BeforeSuite setUp -->
</testsuite> <!-- Test -->
