<?xml version="1.0" encoding="UTF-8"?>
<!-- Generated by org.testng.reporters.JUnitXMLReporter -->
<testsuite ignored="0" hostname="WKWEJ053275590" failures="0" tests="3" name="Register Tests" time="0.23" errors="0" timestamp="2025-12-11T19:10:01 IST">
  <testcase classname="pack.tests.RegisterTest" name="testOne" time="0.053"/>
  <testcase classname="pack.tests.RegisterTest" name="testTwo" time="0.047"/>
  <testcase classname="pack.tests.RegisterTest" name="test_3" time="0.09"/>
</testsuite> <!-- Register Tests -->
