<?xml version="1.0" encoding="UTF-8"?>
<testng-results ignored="0" total="3" passed="3" failed="0" skipped="0">
  <reporter-output>
  </reporter-output>
  <suite started-at="2025-12-11T19:10:01 IST" name="Suite" finished-at="2025-12-11T19:10:01 IST" duration-ms="230">
    <groups>
    </groups>
    <test started-at="2025-12-11T19:10:01 IST" name="Register Tests" finished-at="2025-12-11T19:10:01 IST" duration-ms="230">
      <class name="pack.tests.RegisterTest">
        <test-method is-config="true" signature="setUp()[pri:0, instance:pack.tests.RegisterTest@3427b02d]" started-at="2025-12-11T19:09:54 IST" name="setUp" finished-at="2025-12-11T19:10:01 IST" duration-ms="7043" status="PASS">
          <reporter-output>
          </reporter-output>
        </test-method> <!-- setUp -->
        <test-method signature="testOne()[pri:0, instance:pack.tests.RegisterTest@3427b02d]" started-at="2025-12-11T19:10:01 IST" name="testOne" finished-at="2025-12-11T19:10:01 IST" duration-ms="53" status="PASS">
          <reporter-output>
          </reporter-output>
        </test-method> <!-- testOne -->
        <test-method signature="testTwo()[pri:0, instance:pack.tests.RegisterTest@3427b02d]" started-at="2025-12-11T19:10:01 IST" name="testTwo" finished-at="2025-12-11T19:10:01 IST" duration-ms="47" status="PASS">
          <reporter-output>
          </reporter-output>
        </test-method> <!-- testTwo -->
        <test-method signature="test_3()[pri:0, instance:pack.tests.RegisterTest@3427b02d]" started-at="2025-12-11T19:10:01 IST" name="test_3" finished-at="2025-12-11T19:10:01 IST" duration-ms="90" status="PASS">
          <reporter-output>
          </reporter-output>
        </test-method> <!-- test_3 -->
        <test-method is-config="true" signature="tearDown()[pri:0, instance:pack.tests.RegisterTest@3427b02d]" started-at="2025-12-11T19:10:01 IST" name="tearDown" finished-at="2025-12-11T19:10:01 IST" duration-ms="294" status="PASS">
          <reporter-output>
          </reporter-output>
        </test-method> <!-- tearDown -->
      </class> <!-- pack.tests.RegisterTest -->
    </test> <!-- Register Tests -->
  </suite> <!-- Suite -->
</testng-results>
