<?xml version="1.0" encoding="UTF-8"?>
<testng-results ignored="0" total="2" passed="2" failed="0" skipped="0">
  <reporter-output>
  </reporter-output>
  <suite started-at="2025-12-11T17:27:54 IST" name="Surefire suite" finished-at="2025-12-11T17:27:54 IST" duration-ms="116">
    <groups>
    </groups>
    <test started-at="2025-12-11T17:27:54 IST" name="Surefire test" finished-at="2025-12-11T17:27:54 IST" duration-ms="116">
      <class name="pack.tests.RegisterTest">
        <test-method is-config="true" signature="setUp()[pri:0, instance:pack.tests.RegisterTest@56a6d5a6]" started-at="2025-12-11T17:27:48 IST" name="setUp" finished-at="2025-12-11T17:27:54 IST" duration-ms="6819" status="PASS">
          <reporter-output>
          </reporter-output>
        </test-method> <!-- setUp -->
        <test-method signature="testOne()[pri:0, instance:pack.tests.RegisterTest@56a6d5a6]" started-at="2025-12-11T17:27:54 IST" name="testOne" finished-at="2025-12-11T17:27:54 IST" duration-ms="44" status="PASS">
          <reporter-output>
          </reporter-output>
        </test-method> <!-- testOne -->
        <test-method signature="testTwo()[pri:0, instance:pack.tests.RegisterTest@56a6d5a6]" started-at="2025-12-11T17:27:54 IST" name="testTwo" finished-at="2025-12-11T17:27:54 IST" duration-ms="30" status="PASS">
          <reporter-output>
          </reporter-output>
        </test-method> <!-- testTwo -->
        <test-method is-config="true" signature="tearDown()[pri:0, instance:pack.tests.RegisterTest@56a6d5a6]" started-at="2025-12-11T17:27:55 IST" name="tearDown" finished-at="2025-12-11T17:27:55 IST" duration-ms="309" status="PASS">
          <reporter-output>
          </reporter-output>
        </test-method> <!-- tearDown -->
      </class> <!-- pack.tests.RegisterTest -->
    </test> <!-- Surefire test -->
  </suite> <!-- Surefire suite -->
</testng-results>
