<?xml version="1.0" encoding="UTF-8"?>
<testng-results ignored="0" total="3" passed="3" failed="0" skipped="0">
  <reporter-output>
  </reporter-output>
  <suite started-at="2025-12-11T18:59:44 IST" name="Suite" finished-at="2025-12-11T18:59:44 IST" duration-ms="229">
    <groups>
    </groups>
    <test started-at="2025-12-11T18:59:44 IST" name="Test" finished-at="2025-12-11T18:59:44 IST" duration-ms="229">
      <class name="pack.tests.RegisterTest">
        <test-method signature="testOne()[pri:0, instance:pack.tests.RegisterTest@477b4cdf]" started-at="2025-12-11T18:59:44 IST" name="testOne" finished-at="2025-12-11T18:59:44 IST" duration-ms="55" status="PASS">
          <reporter-output>
          </reporter-output>
        </test-method> <!-- testOne -->
        <test-method signature="testTwo()[pri:0, instance:pack.tests.RegisterTest@477b4cdf]" started-at="2025-12-11T18:59:44 IST" name="testTwo" finished-at="2025-12-11T18:59:44 IST" duration-ms="25" status="PASS">
          <reporter-output>
          </reporter-output>
        </test-method> <!-- testTwo -->
        <test-method signature="test_3()[pri:0, instance:pack.tests.RegisterTest@477b4cdf]" started-at="2025-12-11T18:59:44 IST" name="test_3" finished-at="2025-12-11T18:59:44 IST" duration-ms="92" status="PASS">
          <reporter-output>
          </reporter-output>
        </test-method> <!-- test_3 -->
      </class> <!-- pack.tests.RegisterTest -->
      <class name="com.pack.BaseClass">
        <test-method is-config="true" signature="setUp()[pri:0, instance:com.pack.BaseClass@44c03695]" started-at="2025-12-11T18:59:31 IST" name="setUp" finished-at="2025-12-11T18:59:44 IST" duration-ms="12555" status="PASS">
          <reporter-output>
          </reporter-output>
        </test-method> <!-- setUp -->
        <test-method is-config="true" signature="tearDown()[pri:0, instance:com.pack.BaseClass@44c03695]" started-at="2025-12-11T18:59:44 IST" name="tearDown" finished-at="2025-12-11T18:59:45 IST" duration-ms="308" status="PASS">
          <reporter-output>
          </reporter-output>
        </test-method> <!-- tearDown -->
      </class> <!-- com.pack.BaseClass -->
    </test> <!-- Test -->
  </suite> <!-- Suite -->
</testng-results>
