<?xml version="1.0" encoding="UTF-8"?>
<testng-results ignored="0" total="0" passed="0" failed="0" skipped="0">
  <reporter-output>
  </reporter-output>
  <suite started-at="2025-12-11T17:10:05 IST" name="Suite" finished-at="2025-12-11T17:10:06 IST" duration-ms="28">
    <groups>
    </groups>
    <test started-at="2025-12-11T17:10:05 IST" name="Test" finished-at="2025-12-11T17:10:06 IST" duration-ms="28">
      <class name="com.pack.BaseClass">
        <test-method is-config="true" signature="setUp()[pri:0, instance:com.pack.BaseClass@22555ebf]" started-at="2025-12-11T17:09:56 IST" name="setUp" finished-at="2025-12-11T17:10:05 IST" duration-ms="9405" status="PASS">
          <reporter-output>
          </reporter-output>
        </test-method> <!-- setUp -->
        <test-method is-config="true" signature="tearDown()[pri:0, instance:com.pack.BaseClass@22555ebf]" started-at="2025-12-11T17:10:05 IST" name="tearDown" finished-at="2025-12-11T17:10:05 IST" duration-ms="447" status="PASS">
          <reporter-output>
          </reporter-output>
        </test-method> <!-- tearDown -->
      </class> <!-- com.pack.BaseClass -->
    </test> <!-- Test -->
  </suite> <!-- Suite -->
</testng-results>
