<?xml version="1.0" encoding="UTF-8"?>
<!-- Generated by org.testng.reporters.JUnitReportReporter -->
<testsuite hostname="WKWEJ053275590" failures="0" tests="3" name="pack.tests.RegisterTest" time="0.172" errors="0" timestamp="2025-12-11T18:59:45 IST" skipped="0">
  <testcase classname="pack.tests.RegisterTest" name="testTwo" time="0.025"/>
  <testcase classname="pack.tests.RegisterTest" name="test_3" time="0.092"/>
  <testcase classname="pack.tests.RegisterTest" name="testOne" time="0.055"/>
</testsuite> <!-- pack.tests.RegisterTest -->
